<?xml version="1.0" encoding="UTF-8"?>
<robot generator="Robot 7.2.2 (Python 3.13.1 on win32)" generated="2025-04-29T09:14:50.437229" rpa="false" schemaversion="5">
<suite id="s1" name="Calendar Month Vs Aamu" source="C:\Users\suviw\Documents\developer\DiaBalance\tests\backend\calendar_month_vs_aamu.robot">
<test id="s1-t1" name="Tarkista vs_aamu-arvot toukokuulta" line="7">
<kw name="Create Session" owner="RequestsLibrary">
<msg time="2025-04-29T09:14:50.769759" level="INFO">Creating Session using : alias=backend, url=http://localhost:3000/api, headers={},                     cookies={}, auth=None, timeout=None, proxies=None, verify=False,                     debug=0 </msg>
<arg>backend</arg>
<arg>${BACKEND_URL}</arg>
<doc>Create Session: create a HTTP session to a server</doc>
<status status="PASS" start="2025-04-29T09:14:50.769564" elapsed="0.000400"/>
</kw>
<kw name="Create Dictionary" owner="BuiltIn">
<msg time="2025-04-29T09:14:50.770574" level="INFO">${login_payload} = {'kayttajanimi': 'robotkayttaja', 'salasana': 'robotsalasana123'}</msg>
<var>${login_payload}</var>
<arg>kayttajanimi=${REGISTER_USERNAME}</arg>
<arg>salasana=${REGISTER_PASSWORD}</arg>
<doc>Creates and returns a dictionary based on the given ``items``.</doc>
<status status="PASS" start="2025-04-29T09:14:50.770255" elapsed="0.000343"/>
</kw>
<kw name="POST" owner="RequestsLibrary">
<msg time="2025-04-29T09:14:51.087331" level="INFO">POST Request : url=http://localhost:3000/api/auth/login 
 path_url=/api/auth/login 
 headers={'User-Agent': 'python-requests/2.32.3', 'Accept-Encoding': 'gzip, deflate', 'Accept': '*/*', 'Connection': 'keep-alive', 'Content-Length': '65', 'Content-Type': 'application/json'} 
 body=b'{"kayttajanimi": "robotkayttaja", "salasana": "robotsalasana123"}' 
 </msg>
<msg time="2025-04-29T09:14:51.087521" level="INFO">POST Response : url=http://localhost:3000/api/auth/login 
 status=200, reason=OK 
 headers={'X-Powered-By': 'Express', 'Access-Control-Allow-Origin': '*', 'Content-Type': 'application/json; charset=utf-8', 'Content-Length': '504', 'ETag': 'W/"1f8-A+tqAKjLfIQmMrnogdqbiXqRcMk"', 'Date': 'Tue, 29 Apr 2025 06:14:51 GMT', 'Connection': 'keep-alive', 'Keep-Alive': 'timeout=5'} 
 body={"success":true,"message":"Kirjautuminen onnistui","severity":"success","data":{"token":"eyJhbGciOiJIUzI1NiIsInR5cCI6IkpXVCJ9.eyJrYXl0dGFqYV9pZCI6Niwia2F5dHRhamFyb29saSI6MCwiaWF0IjoxNzQ1OTA3MjkwLCJleHAiOjE3NDU5MTA4OTB9.rWo5ZeWhAZig7V2Vg9u24SeWdj5S8xfVzl_e0W4h5gs","user":{"kayttaja_id":6,"kayttajanimi":"robotkayttaja","email":"robotkayttaja@example.com","kayttajarooli":0},"kubios":{"success":false,"message":"Virheellinen käyttäjänimi tai salasana (Kubios)"}},"timestamp":"2025-04-29T06:14:51.084Z"} 
 </msg>
<msg time="2025-04-29T09:14:51.087912" level="INFO">${response} = &lt;Response [200]&gt;</msg>
<var>${response}</var>
<arg>${BACKEND_URL}/auth/login</arg>
<arg>json=${login_payload}</arg>
<doc>Sends a POST request.</doc>
<status status="PASS" start="2025-04-29T09:14:50.770867" elapsed="0.317120"/>
</kw>
<kw name="Should Be Equal As Integers" owner="BuiltIn">
<msg time="2025-04-29T09:14:51.089571" level="INFO">Argument types are:
&lt;class 'int'&gt;
&lt;class 'str'&gt;</msg>
<arg>${response.status_code}</arg>
<arg>200</arg>
<doc>Fails if objects are unequal after converting them to integers.</doc>
<status status="PASS" start="2025-04-29T09:14:51.088688" elapsed="0.000991"/>
</kw>
<kw name="Set Variable" owner="BuiltIn">
<msg time="2025-04-29T09:14:51.091057" level="INFO">${json} = {'success': True, 'message': 'Kirjautuminen onnistui', 'severity': 'success', 'data': {'token': 'eyJhbGciOiJIUzI1NiIsInR5cCI6IkpXVCJ9.eyJrYXl0dGFqYV9pZCI6Niwia2F5dHRhamFyb29saSI6MCwiaWF0IjoxNzQ1OTA3Mj...</msg>
<var>${json}</var>
<arg>${response.json()}</arg>
<doc>Returns the given values which can then be assigned to a variables.</doc>
<status status="PASS" start="2025-04-29T09:14:51.090190" elapsed="0.000927"/>
</kw>
<kw name="Get From Dictionary" owner="Collections">
<msg time="2025-04-29T09:14:51.092458" level="INFO">${token} = eyJhbGciOiJIUzI1NiIsInR5cCI6IkpXVCJ9.eyJrYXl0dGFqYV9pZCI6Niwia2F5dHRhamFyb29saSI6MCwiaWF0IjoxNzQ1OTA3MjkwLCJleHAiOjE3NDU5MTA4OTB9.rWo5ZeWhAZig7V2Vg9u24SeWdj5S8xfVzl_e0W4h5gs</msg>
<var>${token}</var>
<arg>${json['data']}</arg>
<arg>token</arg>
<doc>Returns a value from the given ``dictionary`` based on the given ``key``.</doc>
<status status="PASS" start="2025-04-29T09:14:51.091625" elapsed="0.000877"/>
</kw>
<kw name="Create Dictionary" owner="BuiltIn">
<msg time="2025-04-29T09:14:51.093476" level="INFO">${headers} = {'Authorization': 'Bearer eyJhbGciOiJIUzI1NiIsInR5cCI6IkpXVCJ9.eyJrYXl0dGFqYV9pZCI6Niwia2F5dHRhamFyb29saSI6MCwiaWF0IjoxNzQ1OTA3MjkwLCJleHAiOjE3NDU5MTA4OTB9.rWo5ZeWhAZig7V2Vg9u24SeWdj5S8xfVzl_e0W4h5gs'...</msg>
<var>${headers}</var>
<arg>Authorization=Bearer ${token}</arg>
<arg>Content-Type=application/json</arg>
<doc>Creates and returns a dictionary based on the given ``items``.</doc>
<status status="PASS" start="2025-04-29T09:14:51.092983" elapsed="0.000536"/>
</kw>
<kw name="Create Dictionary" owner="BuiltIn">
<msg time="2025-04-29T09:14:51.094391" level="INFO">${params} = {'year': '2025', 'month': '05'}</msg>
<var>${params}</var>
<arg>year=2025</arg>
<arg>month=05</arg>
<doc>Creates and returns a dictionary based on the given ``items``.</doc>
<status status="PASS" start="2025-04-29T09:14:51.094106" elapsed="0.000323"/>
</kw>
<kw name="GET" owner="RequestsLibrary">
<msg time="2025-04-29T09:14:51.105593" level="INFO">GET Request : url=http://localhost:3000/api/entries?year=2025&amp;month=05 
 path_url=/api/entries?year=2025&amp;month=05 
 headers={'User-Agent': 'python-requests/2.32.3', 'Accept-Encoding': 'gzip, deflate', 'Accept': '*/*', 'Connection': 'keep-alive', 'Authorization': 'Bearer eyJhbGciOiJIUzI1NiIsInR5cCI6IkpXVCJ9.eyJrYXl0dGFqYV9pZCI6Niwia2F5dHRhamFyb29saSI6MCwiaWF0IjoxNzQ1OTA3MjkwLCJleHAiOjE3NDU5MTA4OTB9.rWo5ZeWhAZig7V2Vg9u24SeWdj5S8xfVzl_e0W4h5gs', 'Content-Type': 'application/json'} 
 body=None 
 </msg>
<msg time="2025-04-29T09:14:51.105686" level="INFO">GET Response : url=http://localhost:3000/api/entries?year=2025&amp;month=05 
 status=200, reason=OK 
 headers={'X-Powered-By': 'Express', 'Access-Control-Allow-Origin': '*', 'Content-Type': 'application/json; charset=utf-8', 'Content-Length': '2649', 'ETag': 'W/"a59-l5RrrzgISF0tVnSzm7PoRcWXtHc"', 'Date': 'Tue, 29 Apr 2025 06:14:51 GMT', 'Connection': 'keep-alive', 'Keep-Alive': 'timeout=5'} 
 body={"success":true,"message":"Haettu 6 merkintää","severity":"success","data":[{"kayttaja_id":6,"pvm":"2025-05-01","vs_aamu":null,"vs_ilta":"7.5","vs_aamupala_ennen":null,"vs_aamupala_jalkeen":null,"vs_lounas_ennen":null,"vs_lounas_jalkeen":null,"vs_valipala_ennen":null,"vs_valipala_jalkeen":null,"vs_paivallinen_ennen":null,"vs_paivallinen_jalkeen":null,"vs_iltapala_ennen":null,"vs_iltapala_jalkeen":null,"oireet":"Ei oireita","kommentti":"muokattu kommentti robot testeihin","formatted_date":"2025-05-01"},{"kayttaja_id":6,"pvm":"2025-05-03","vs_aamu":"7.7","vs_ilta":null,"vs_aamupala_ennen":null,"vs_aamupala_jalkeen":null,"vs_lounas_ennen":null,"vs_lounas_jalkeen":null,"vs_valipala_ennen":null,"vs_valipala_jalkeen":null,"vs_paivallinen_ennen":null,"vs_paivallinen_jalkeen":null,"vs_iltapala_ennen":null,"vs_iltapala_jalkeen":null,"oireet":"Ei oireita","kommentti":"robot merkintä 3","formatted_date":"2025-05-03"},{"kayttaja_id":6,"pvm":"2025-05-04","vs_aamu":null,"vs_ilta":"7.5","vs_aamupala_ennen":null,"vs_aamupala_jalkeen":null,"vs_lounas_ennen":null,"vs_lounas_jalkeen":null,"vs_valipala_ennen":null,"vs_valipala_jalkeen":null,"vs_paivallinen_ennen":null,"vs_paivallinen_jalkeen":null,"vs_iltapala_ennen":null,"vs_iltapala_jalkeen":null,"oireet":"Ei oireita","kommentti":"muokattu kommentti robotilla","formatted_date":"2025-05-04"},{"kayttaja_id":6,"pvm":"2025-05-05","vs_aamu":"7.7","vs_ilta":null,"vs_aamupala_ennen":null,"vs_aamupala_jalkeen":null,"vs_lounas_ennen":null,"vs_lounas_jalkeen":null,"vs_valipala_ennen":null,"vs_valipala_jalkeen":null,"vs_paivallinen_ennen":null,"vs_paivallinen_jalkeen":null,"vs_iltapala_ennen":null,"vs_iltapala_jalkeen":null,"oireet":"Ei oireita","kommentti":"robot merkintä 5","formatted_date":"2025-05-05"},{"kayttaja_id":6,"pvm":"2025-05-10","vs_aamu":null,"vs_ilta":"7.5","vs_aamupala_ennen":null,"vs_aamupala_jalkeen":null,"vs_lounas_ennen":null,"vs_lounas_jalkeen":null,"vs_valipala_ennen":null,"vs_valipala_jalkeen":null,"vs_paivallinen_ennen":null,"vs_paivallinen_jalkeen":null,"vs_iltapala_ennen":null,"vs_iltapala_jalkeen":null,"oireet":"Ei oireita","kommentti":"muokattu kommentti robotilla","formatted_date":"2025-05-10"},{"kayttaja_id":6,"pvm":"2025-05-11","vs_aamu":"13.9","vs_ilta":null,"vs_aamupala_ennen":null,"vs_aamupala_jalkeen":null,"vs_lounas_ennen":null,"vs_lounas_jalkeen":null,"vs_valipala_ennen":null,"vs_valipala_jalkeen":null,"vs_paivallinen_ennen":null,"vs_paivallinen_jalkeen":null,"vs_iltapala_ennen":null,"vs_iltapala_jalkeen":null,"oireet":"Ei oireita","kommentti":"robot merkinnän testaus","formatted_date":"2025-05-11"}],"timestamp":"2025-04-29T06:14:51.103Z"} 
 </msg>
<msg time="2025-04-29T09:14:51.105960" level="INFO">${get_response} = &lt;Response [200]&gt;</msg>
<var>${get_response}</var>
<arg>${BACKEND_URL}/entries</arg>
<arg>headers=${headers}</arg>
<arg>params=${params}</arg>
<doc>Sends a GET request.</doc>
<status status="PASS" start="2025-04-29T09:14:51.094923" elapsed="0.011061"/>
</kw>
<kw name="Should Be Equal As Integers" owner="BuiltIn">
<msg time="2025-04-29T09:14:51.107192" level="INFO">Argument types are:
&lt;class 'int'&gt;
&lt;class 'str'&gt;</msg>
<arg>${get_response.status_code}</arg>
<arg>200</arg>
<doc>Fails if objects are unequal after converting them to integers.</doc>
<status status="PASS" start="2025-04-29T09:14:51.106733" elapsed="0.000514"/>
</kw>
<kw name="Get From Dictionary" owner="Collections">
<msg time="2025-04-29T09:14:51.108080" level="INFO">${kuukausi} = [{'kayttaja_id': 6, 'pvm': '2025-05-01', 'vs_aamu': None, 'vs_ilta': '7.5', 'vs_aamupala_ennen': None, 'vs_aamupala_jalkeen': None, 'vs_lounas_ennen': None, 'vs_lounas_jalkeen': None, 'vs_valipala_enn...</msg>
<var>${kuukausi}</var>
<arg>${get_response.json()}</arg>
<arg>data</arg>
<doc>Returns a value from the given ``dictionary`` based on the given ``key``.</doc>
<status status="PASS" start="2025-04-29T09:14:51.107553" elapsed="0.000559"/>
</kw>
<kw name="Create List" owner="BuiltIn">
<msg time="2025-04-29T09:14:51.108506" level="INFO">${vs_aamut} = []</msg>
<var>${vs_aamut}</var>
<doc>Returns a list containing given items.</doc>
<status status="PASS" start="2025-04-29T09:14:51.108403" elapsed="0.000122"/>
</kw>
<for flavor="IN">
<iter>
<kw name="Get From Dictionary" owner="Collections">
<msg time="2025-04-29T09:14:51.109107" level="INFO">${arvo} = None</msg>
<var>${arvo}</var>
<arg>${merkinta}</arg>
<arg>vs_aamu</arg>
<doc>Returns a value from the given ``dictionary`` based on the given ``key``.</doc>
<status status="PASS" start="2025-04-29T09:14:51.108990" elapsed="0.000135"/>
</kw>
<kw name="Append To List" owner="Collections">
<arg>${vs_aamut}</arg>
<arg>${arvo}</arg>
<doc>Adds ``values`` to the end of ``list``.</doc>
<status status="PASS" start="2025-04-29T09:14:51.109187" elapsed="0.000090"/>
</kw>
<var name="${merkinta}">{'kayttaja_id': 6, 'pvm': '2025-05-01', 'vs_aamu': None, 'vs_ilta': '7.5', 'vs_aamupala_ennen': None, 'vs_aamupala_jalkeen': None, 'vs_lounas_ennen': None, 'vs_lounas_jalkeen': None, 'vs_valipala_enne...</var>
<status status="PASS" start="2025-04-29T09:14:51.108917" elapsed="0.000384"/>
</iter>
<iter>
<kw name="Get From Dictionary" owner="Collections">
<msg time="2025-04-29T09:14:51.109506" level="INFO">${arvo} = 7.7</msg>
<var>${arvo}</var>
<arg>${merkinta}</arg>
<arg>vs_aamu</arg>
<doc>Returns a value from the given ``dictionary`` based on the given ``key``.</doc>
<status status="PASS" start="2025-04-29T09:14:51.109419" elapsed="0.000101"/>
</kw>
<kw name="Append To List" owner="Collections">
<arg>${vs_aamut}</arg>
<arg>${arvo}</arg>
<doc>Adds ``values`` to the end of ``list``.</doc>
<status status="PASS" start="2025-04-29T09:14:51.109570" elapsed="0.000070"/>
</kw>
<var name="${merkinta}">{'kayttaja_id': 6, 'pvm': '2025-05-03', 'vs_aamu': '7.7', 'vs_ilta': None, 'vs_aamupala_ennen': None, 'vs_aamupala_jalkeen': None, 'vs_lounas_ennen': None, 'vs_lounas_jalkeen': None, 'vs_valipala_enne...</var>
<status status="PASS" start="2025-04-29T09:14:51.109375" elapsed="0.000285"/>
</iter>
<iter>
<kw name="Get From Dictionary" owner="Collections">
<msg time="2025-04-29T09:14:51.109830" level="INFO">${arvo} = None</msg>
<var>${arvo}</var>
<arg>${merkinta}</arg>
<arg>vs_aamu</arg>
<doc>Returns a value from the given ``dictionary`` based on the given ``key``.</doc>
<status status="PASS" start="2025-04-29T09:14:51.109751" elapsed="0.000093"/>
</kw>
<kw name="Append To List" owner="Collections">
<arg>${vs_aamut}</arg>
<arg>${arvo}</arg>
<doc>Adds ``values`` to the end of ``list``.</doc>
<status status="PASS" start="2025-04-29T09:14:51.109890" elapsed="0.000068"/>
</kw>
<var name="${merkinta}">{'kayttaja_id': 6, 'pvm': '2025-05-04', 'vs_aamu': None, 'vs_ilta': '7.5', 'vs_aamupala_ennen': None, 'vs_aamupala_jalkeen': None, 'vs_lounas_ennen': None, 'vs_lounas_jalkeen': None, 'vs_valipala_enne...</var>
<status status="PASS" start="2025-04-29T09:14:51.109714" elapsed="0.000264"/>
</iter>
<iter>
<kw name="Get From Dictionary" owner="Collections">
<msg time="2025-04-29T09:14:51.110146" level="INFO">${arvo} = 7.7</msg>
<var>${arvo}</var>
<arg>${merkinta}</arg>
<arg>vs_aamu</arg>
<doc>Returns a value from the given ``dictionary`` based on the given ``key``.</doc>
<status status="PASS" start="2025-04-29T09:14:51.110065" elapsed="0.000094"/>
</kw>
<kw name="Append To List" owner="Collections">
<arg>${vs_aamut}</arg>
<arg>${arvo}</arg>
<doc>Adds ``values`` to the end of ``list``.</doc>
<status status="PASS" start="2025-04-29T09:14:51.110205" elapsed="0.000070"/>
</kw>
<var name="${merkinta}">{'kayttaja_id': 6, 'pvm': '2025-05-05', 'vs_aamu': '7.7', 'vs_ilta': None, 'vs_aamupala_ennen': None, 'vs_aamupala_jalkeen': None, 'vs_lounas_ennen': None, 'vs_lounas_jalkeen': None, 'vs_valipala_enne...</var>
<status status="PASS" start="2025-04-29T09:14:51.110028" elapsed="0.000267"/>
</iter>
<iter>
<kw name="Get From Dictionary" owner="Collections">
<msg time="2025-04-29T09:14:51.110465" level="INFO">${arvo} = None</msg>
<var>${arvo}</var>
<arg>${merkinta}</arg>
<arg>vs_aamu</arg>
<doc>Returns a value from the given ``dictionary`` based on the given ``key``.</doc>
<status status="PASS" start="2025-04-29T09:14:51.110388" elapsed="0.000091"/>
</kw>
<kw name="Append To List" owner="Collections">
<arg>${vs_aamut}</arg>
<arg>${arvo}</arg>
<doc>Adds ``values`` to the end of ``list``.</doc>
<status status="PASS" start="2025-04-29T09:14:51.110526" elapsed="0.000067"/>
</kw>
<var name="${merkinta}">{'kayttaja_id': 6, 'pvm': '2025-05-10', 'vs_aamu': None, 'vs_ilta': '7.5', 'vs_aamupala_ennen': None, 'vs_aamupala_jalkeen': None, 'vs_lounas_ennen': None, 'vs_lounas_jalkeen': None, 'vs_valipala_enne...</var>
<status status="PASS" start="2025-04-29T09:14:51.110348" elapsed="0.000266"/>
</iter>
<iter>
<kw name="Get From Dictionary" owner="Collections">
<msg time="2025-04-29T09:14:51.110772" level="INFO">${arvo} = 13.9</msg>
<var>${arvo}</var>
<arg>${merkinta}</arg>
<arg>vs_aamu</arg>
<doc>Returns a value from the given ``dictionary`` based on the given ``key``.</doc>
<status status="PASS" start="2025-04-29T09:14:51.110700" elapsed="0.000085"/>
</kw>
<kw name="Append To List" owner="Collections">
<arg>${vs_aamut}</arg>
<arg>${arvo}</arg>
<doc>Adds ``values`` to the end of ``list``.</doc>
<status status="PASS" start="2025-04-29T09:14:51.110829" elapsed="0.000066"/>
</kw>
<var name="${merkinta}">{'kayttaja_id': 6, 'pvm': '2025-05-11', 'vs_aamu': '13.9', 'vs_ilta': None, 'vs_aamupala_ennen': None, 'vs_aamupala_jalkeen': None, 'vs_lounas_ennen': None, 'vs_lounas_jalkeen': None, 'vs_valipala_enn...</var>
<status status="PASS" start="2025-04-29T09:14:51.110666" elapsed="0.000249"/>
</iter>
<var>${merkinta}</var>
<value>@{kuukausi}</value>
<status status="PASS" start="2025-04-29T09:14:51.108726" elapsed="0.002206"/>
</for>
<kw name="Log To Console" owner="BuiltIn">
<arg>Löydetyt vs_aamu-arvot: ${vs_aamut}</arg>
<doc>Logs the given message to the console.</doc>
<status status="PASS" start="2025-04-29T09:14:51.111158" elapsed="0.000487"/>
</kw>
<kw name="List Should Contain Value" owner="Collections">
<arg>${vs_aamut}</arg>
<arg>13.9</arg>
<doc>Fails if the ``value`` is not found from ``list``.</doc>
<status status="PASS" start="2025-04-29T09:14:51.111879" elapsed="0.000129"/>
</kw>
<status status="PASS" start="2025-04-29T09:14:50.768611" elapsed="0.343591"/>
</test>
<status status="PASS" start="2025-04-29T09:14:50.438495" elapsed="0.674392"/>
</suite>
<statistics>
<total>
<stat pass="1" fail="0" skip="0">All Tests</stat>
</total>
<tag>
</tag>
<suite>
<stat name="Calendar Month Vs Aamu" id="s1" pass="1" fail="0" skip="0">Calendar Month Vs Aamu</stat>
</suite>
</statistics>
<errors>
</errors>
</robot>
